[16:59:37] [main/INFO]: Environment: authHost='https://authserver.mojang.com', accountsHost='https://api.mojang.com', sessionHost='https://sessionserver.mojang.com', servicesHost='https://api.minecraftservices.com', name='PROD'
[16:59:38] [main/INFO]: Reloading ResourceManager: Default, bukkit
[16:59:38] [Worker-Main-5/INFO]: Loaded 7 recipes
[16:59:39] [Server thread/INFO]: Starting minecraft server version 1.16.5
[16:59:39] [Server thread/INFO]: Loading properties
[16:59:39] [Server thread/INFO]: This server is running Paper version git-Paper-782 (MC: 1.16.5) (Implementing API version 1.16.5-R0.1-SNAPSHOT)
[16:59:39] [Server thread/INFO]: Debug logging is disabled
[16:59:39] [Server thread/INFO]: Server Ping Player Sample Count: 12
[16:59:39] [Server thread/INFO]: Using 4 threads for Netty based IO
[16:59:39] [Server thread/INFO]: Default game type: SURVIVAL
[16:59:39] [Server thread/INFO]: Generating keypair
[16:59:39] [Server thread/INFO]: Starting Minecraft server on *:25565
[16:59:39] [Server thread/INFO]: Using default channel type
[16:59:40] [Server thread/INFO]: [pcf-example] Loading pcf-example v1.0
[16:59:40] [Server thread/INFO]: Server permissions file permissions.yml is empty, ignoring it
[16:59:40] [Server thread/INFO]: Preparing level "world"
[16:59:40] [Server thread/INFO]: Preparing start region for dimension minecraft:overworld
[16:59:40] [Server thread/INFO]: Preparing spawn area: 0%
[16:59:40] [Server thread/INFO]: Time elapsed: 424 ms
[16:59:40] [Server thread/INFO]: Preparing start region for dimension minecraft:the_nether
[16:59:40] [Server thread/INFO]: Preparing spawn area: 0%
[16:59:41] [Server thread/INFO]: Preparing spawn area: 11%
[16:59:41] [Server thread/INFO]: Time elapsed: 738 ms
[16:59:41] [Server thread/INFO]: Preparing start region for dimension minecraft:the_end
[16:59:41] [Server thread/INFO]: Preparing spawn area: 0%
[16:59:41] [Server thread/INFO]: Time elapsed: 435 ms
[16:59:41] [Server thread/INFO]: [pcf-example] Enabling pcf-example v1.0
[16:59:42] [Server thread/INFO]: Running delayed init tasks
[16:59:42] [Server thread/INFO]: Done (2.802s)! For help, type "help"
[16:59:42] [Server thread/WARN]: [io.papermc.paper.util.PaperJvmChecker] ************************************************************
[16:59:42] [Server thread/WARN]: [io.papermc.paper.util.PaperJvmChecker] * WARNING - YOU ARE RUNNING AN OUTDATED VERSION OF JAVA.
[16:59:42] [Server thread/WARN]: [io.papermc.paper.util.PaperJvmChecker] * PAPER WILL STOP BEING COMPATIBLE WITH THIS VERSION OF
[16:59:42] [Server thread/WARN]: [io.papermc.paper.util.PaperJvmChecker] * JAVA WHEN MINECRAFT 1.17 IS RELEASED.
[16:59:42] [Server thread/WARN]: [io.papermc.paper.util.PaperJvmChecker] *
[16:59:42] [Server thread/WARN]: [io.papermc.paper.util.PaperJvmChecker] * Please update the version of Java you use to run Paper
[16:59:42] [Server thread/WARN]: [io.papermc.paper.util.PaperJvmChecker] * to at least Java 16. When Paper for Minecraft 1.17 is
[16:59:42] [Server thread/WARN]: [io.papermc.paper.util.PaperJvmChecker] * released support for versions of Java before 16 will
[16:59:42] [Server thread/WARN]: [io.papermc.paper.util.PaperJvmChecker] * be dropped.
[16:59:42] [Server thread/WARN]: [io.papermc.paper.util.PaperJvmChecker] *
[16:59:42] [Server thread/WARN]: [io.papermc.paper.util.PaperJvmChecker] * Current Java version: 11.0.10
[16:59:42] [Server thread/WARN]: [io.papermc.paper.util.PaperJvmChecker] *
[16:59:42] [Server thread/WARN]: [io.papermc.paper.util.PaperJvmChecker] * Check this forum post for more information: 
[16:59:42] [Server thread/WARN]: [io.papermc.paper.util.PaperJvmChecker] *   https://papermc.io/java16
[16:59:42] [Server thread/WARN]: [io.papermc.paper.util.PaperJvmChecker] ************************************************************
[16:59:42] [Server thread/INFO]: Timings Reset
[16:59:45] [User Authenticator #1/INFO]: UUID of player Propromp is acf67b86-9088-43a7-bfb6-0e9b63a7e20a
[16:59:45] [Server thread/INFO]: Propromp joined the game
[16:59:45] [Server thread/INFO]: Propromp[/127.0.0.1:58198] logged in with entity id 144 at ([world]-2.6746350009754636, 66.0, 671.5864847760256)
[16:59:52] [Server thread/INFO]: Propromp issued server command: /execute as @e[type=pig] run test iamop
[17:00:05] [Paper Watchdog Thread/ERROR]: --- DO NOT REPORT THIS TO PAPER - THIS IS NOT A BUG OR A CRASH  - git-Paper-782 (MC: 1.16.5) ---
[17:00:06] [Paper Watchdog Thread/ERROR]: The server has not responded for 10 seconds! Creating thread dump
[17:00:06] [Paper Watchdog Thread/ERROR]: ------------------------------
[17:00:06] [Paper Watchdog Thread/ERROR]: Server thread dump (Look for plugins here before reporting to Paper!):
[17:00:08] [Paper Watchdog Thread/ERROR]: ------------------------------
[17:00:08] [Paper Watchdog Thread/ERROR]: Current Thread: Server thread
[17:00:08] [Paper Watchdog Thread/ERROR]: 	PID: 37 | Suspended: true | Native: false | State: RUNNABLE
[17:00:08] [Paper Watchdog Thread/ERROR]: 	Stack:
[17:00:09] [Paper Watchdog Thread/ERROR]: 		net.propromp.pcf.api.PcfCommand.getLiteralArgumentBuilder$lambda-0(PcfCommand.kt:47)
[17:00:09] [Paper Watchdog Thread/ERROR]: 		net.propromp.pcf.api.PcfCommand$$Lambda$3705/0x0000000800d0d840.run(Unknown Source)
[17:00:09] [Paper Watchdog Thread/ERROR]: 		app//com.mojang.brigadier.CommandDispatcher.execute(CommandDispatcher.java:262)
[17:00:09] [Paper Watchdog Thread/ERROR]: 		app//com.mojang.brigadier.CommandDispatcher.execute(CommandDispatcher.java:176)
[17:00:09] [Paper Watchdog Thread/ERROR]: 		app//net.minecraft.server.v1_16_R3.CommandDispatcher.a(CommandDispatcher.java:269)
[17:00:10] [Paper Watchdog Thread/ERROR]: 		app//org.bukkit.craftbukkit.v1_16_R3.command.VanillaCommandWrapper.execute(VanillaCommandWrapper.java:45)
[17:00:10] [Paper Watchdog Thread/ERROR]: 		app//org.bukkit.command.SimpleCommandMap.dispatch(SimpleCommandMap.java:159)
[17:00:10] [Paper Watchdog Thread/ERROR]: 		app//org.bukkit.craftbukkit.v1_16_R3.CraftServer.dispatchCommand(CraftServer.java:826)
[17:00:10] [Paper Watchdog Thread/ERROR]: 		app//net.minecraft.server.v1_16_R3.PlayerConnection.handleCommand(PlayerConnection.java:2185)
[17:00:10] [Paper Watchdog Thread/ERROR]: 		app//net.minecraft.server.v1_16_R3.PlayerConnection.c(PlayerConnection.java:2000)
[17:00:10] [Paper Watchdog Thread/ERROR]: 		app//net.minecraft.server.v1_16_R3.PlayerConnection.a(PlayerConnection.java:1953)
[17:00:10] [Paper Watchdog Thread/ERROR]: 		app//net.minecraft.server.v1_16_R3.PacketPlayInChat.a(PacketPlayInChat.java:49)
[17:00:11] [Paper Watchdog Thread/ERROR]: 		app//net.minecraft.server.v1_16_R3.PacketPlayInChat.a(PacketPlayInChat.java:7)
[17:00:11] [Paper Watchdog Thread/ERROR]: 		app//net.minecraft.server.v1_16_R3.PlayerConnectionUtils.lambda$ensureMainThread$1(PlayerConnectionUtils.java:35)
[17:00:11] [Paper Watchdog Thread/ERROR]: 		app//net.minecraft.server.v1_16_R3.PlayerConnectionUtils$$Lambda$4131/0x0000000800eb7840.run(Unknown Source)
[17:00:11] [Paper Watchdog Thread/ERROR]: 		app//net.minecraft.server.v1_16_R3.TickTask.run(SourceFile:18)
[17:00:11] [Paper Watchdog Thread/ERROR]: 		app//net.minecraft.server.v1_16_R3.IAsyncTaskHandler.executeTask(IAsyncTaskHandler.java:136)
[17:00:11] [Paper Watchdog Thread/ERROR]: 		app//net.minecraft.server.v1_16_R3.IAsyncTaskHandlerReentrant.executeTask(SourceFile:23)
[17:00:11] [Paper Watchdog Thread/ERROR]: 		app//net.minecraft.server.v1_16_R3.IAsyncTaskHandler.executeNext(IAsyncTaskHandler.java:109)
[17:00:12] [Paper Watchdog Thread/ERROR]: 		app//net.minecraft.server.v1_16_R3.MinecraftServer.bb(MinecraftServer.java:1266)
[17:00:12] [Paper Watchdog Thread/ERROR]: 		app//net.minecraft.server.v1_16_R3.MinecraftServer.executeNext(MinecraftServer.java:1259)
[17:00:12] [Paper Watchdog Thread/ERROR]: 		app//net.minecraft.server.v1_16_R3.IAsyncTaskHandler.awaitTasks(IAsyncTaskHandler.java:119)
[17:00:12] [Paper Watchdog Thread/ERROR]: 		app//net.minecraft.server.v1_16_R3.MinecraftServer.sleepForTick(MinecraftServer.java:1220)
[17:00:12] [Paper Watchdog Thread/ERROR]: 		app//net.minecraft.server.v1_16_R3.MinecraftServer.w(MinecraftServer.java:1134)
[17:00:12] [Paper Watchdog Thread/ERROR]: 		app//net.minecraft.server.v1_16_R3.MinecraftServer.lambda$a$0(MinecraftServer.java:291)
[17:00:14] [Paper Watchdog Thread/ERROR]: 		app//net.minecraft.server.v1_16_R3.MinecraftServer$$Lambda$3146/0x0000000800926c40.run(Unknown Source)
[17:00:14] [Paper Watchdog Thread/ERROR]: 		java.base@11.0.10/java.lang.Thread.run(Thread.java:834)
[17:00:14] [Paper Watchdog Thread/ERROR]: ------------------------------
[17:00:14] [Paper Watchdog Thread/ERROR]: --- DO NOT REPORT THIS TO PAPER - THIS IS NOT A BUG OR A CRASH ---
[17:00:14] [Paper Watchdog Thread/ERROR]: ------------------------------
[17:00:14] [Server thread/WARN]: Can't keep up! Is the server overloaded? Running 21564ms or 431 ticks behind
[17:00:19] [Server thread/INFO]: Propromp issued server command: /test iamop
[17:00:21] [Server thread/INFO]: [Propromp] I am OP!!
